<?xml version="1.0" encoding="utf-8"?>
<shfbBuild product="Sandcastle Help File Builder and Tools" version="2015.10.10.0" projectFile="C:\Users\Eric\Documents\Visual Studio 2015\Projects\Supercluster\Supercluster Documentation\Supercluster Documentation.shfbproj" started="3/6/2016 12:49:51 AM">
<buildStep step="Initializing">
Finding tools...
The Sandcastle tools are located in &#39;C:\Program Files (x86)\EWSoftware\Sandcastle Help File Builder\&#39;
Locating components in the following folder(s):
    C:\Users\Eric\Documents\Visual Studio 2015\Projects\Supercluster\Supercluster Documentation
    C:\ProgramData\EWSoftware\Sandcastle Help File Builder\Components and Plug-Ins\
    C:\Program Files (x86)\EWSoftware\Sandcastle Help File Builder\
Framework reflection data location: C:\Program Files (x86)\EWSoftware\Sandcastle Help File Builder\Data\.NETFramework
Using presentation style &#39;VS2013&#39; located in &#39;C:\Program Files (x86)\EWSoftware\Sandcastle Help File Builder\PresentationStyles\VS2013&#39;
Loading and initializing plug-ins...
Lightweight Website Style Version 2015.10.10.0
Copyright &#169; 2006-2015, Eric Woodruff, All Rights Reserved
Portions Copyright &#169; 2014, Sam Harwell, All Rights Reserved
-------------------------------
Clearing any prior web/markdown output...
</buildStep>
<buildStep step="ValidatingDocumentationSources">
Validating and copying documentation source information
Source: C:\Users\Eric\Documents\Visual Studio 2015\Projects\Supercluster\Supercluster\Supercluster.csproj
    Found project &#39;C:\Users\Eric\Documents\Visual Studio 2015\Projects\Supercluster\Supercluster\Supercluster.csproj&#39;

Parsing project files
    Found assembly &#39;C:\Users\Eric\Documents\Visual Studio 2015\Projects\Supercluster\Supercluster\bin\Debug\Supercluster.dll&#39;

References to include (excluding framework assemblies):
    None

Copying XML comments files
    C:\Users\Eric\Documents\Visual Studio 2015\Projects\Supercluster\Supercluster\bin\Debug\Supercluster.XML -&gt; C:\Users\Eric\Documents\Visual Studio 2015\Projects\Supercluster\Supercluster Documentation\Help\Working\Supercluster.XML
</buildStep>
<buildStep step="GenerateSharedContent">
Generating shared content files (en-US, English (United States))...
<plugIn name="Lightweight Website Style" behavior="After" priority="1000">
</plugIn>    Last step completed in 00:00:00.0100
</buildStep>
<buildStep step="GenerateApiFilter">
Generating API filter for MRefBuilder...
    Last step completed in 00:00:00.0005
</buildStep>
<buildStep step="GenerateReflectionInfo">
Generating reflection information...
[C:\Program Files (x86)\MSBuild\14.0\bin\MSBuild.exe - GenerateRefInfo.proj]
Build started 3/6/2016 12:49:52 AM.
The target &quot;BeforeGenerateProjectPriFile&quot; listed in a BeforeTargets attribute at &quot;C:\Program Files (x86)\MSBuild\Microsoft\NuGet\Microsoft.NuGet.targets (186,61)&quot; does not exist in the project, and will be ignored.
Project &quot;C:\Users\Eric\Documents\Visual Studio 2015\Projects\Supercluster\Supercluster Documentation\Help\Working\GenerateRefInfo.proj&quot; on node 1 (default targets).
PrepareForBuild:
  Creating directory &quot;obj\Debug\&quot;.
GenerateRefInfo:
  MRefBuilder (v2015.10.10.0)
  Copyright c 2006-2015, Microsoft Corporation, All Rights Reserved.
  Portions Copyright c 2006-2015, Eric Woodruff, All Rights Reserved.
  Loaded 1 assemblies for reflection and 1 dependency assemblies.
  Wrote information on 5 namespaces, 14 types, and 69 members
  Copying file from &quot;reflection.org&quot; to &quot;reflection.all&quot;.
  XslTransform (v2015.10.10.0)
  Copyright c 2006-2015, Microsoft Corporation, All Rights Reserved.
  Portions Copyright c 2006-2015, Eric Woodruff, All Rights Reserved.
  Applying XSL transformation &#39;C:\Program Files (x86)\EWSoftware\Sandcastle Help File Builder\ProductionTransforms\MergeDuplicates.xsl&#39;.
Done Building Project &quot;C:\Users\Eric\Documents\Visual Studio 2015\Projects\Supercluster\Supercluster Documentation\Help\Working\GenerateRefInfo.proj&quot; (default targets).

Build succeeded.

Time Elapsed 00:00:00.42
    Last step completed in 00:00:00.5027
</buildStep>
<buildStep step="TransformReflectionInfo">
Transforming reflection output...
[C:\Program Files (x86)\MSBuild\14.0\bin\MSBuild.exe - TransformManifest.proj]
Build started 3/6/2016 12:49:52 AM.
Project &quot;C:\Users\Eric\Documents\Visual Studio 2015\Projects\Supercluster\Supercluster Documentation\Help\Working\TransformManifest.proj&quot; on node 1 (default targets).
TransformManifest:
  XslTransform (v2015.10.10.0)
  Copyright c 2006-2015, Microsoft Corporation, All Rights Reserved.
  Portions Copyright c 2006-2015, Eric Woodruff, All Rights Reserved.
  Applying XSL transformation &#39;C:\Program Files (x86)\EWSoftware\Sandcastle Help File Builder\\ProductionTransforms\ApplyVSDocModel.xsl&#39;.
  Copying file from &quot;reflection.xml&quot; to &quot;reflection.nofilenames&quot;.
  XslTransform (v2015.10.10.0)
  Copyright c 2006-2015, Microsoft Corporation, All Rights Reserved.
  Portions Copyright c 2006-2015, Eric Woodruff, All Rights Reserved.
  Applying XSL transformation &#39;C:\Program Files (x86)\EWSoftware\Sandcastle Help File Builder\ProductionTransforms\AddFilenames.xsl&#39;.
  XslTransform (v2015.10.10.0)
  Copyright c 2006-2015, Microsoft Corporation, All Rights Reserved.
  Portions Copyright c 2006-2015, Eric Woodruff, All Rights Reserved.
  Applying XSL transformation &#39;C:\Program Files (x86)\EWSoftware\Sandcastle Help File Builder\ProductionTransforms\ReflectionToManifest.xsl&#39;.
Done Building Project &quot;C:\Users\Eric\Documents\Visual Studio 2015\Projects\Supercluster\Supercluster Documentation\Help\Working\TransformManifest.proj&quot; (default targets).

Build succeeded.

Time Elapsed 00:00:00.31
    Last step completed in 00:00:00.3680
</buildStep>
<buildStep step="GenerateNamespaceSummaries">
Generating namespace summary information...
    Last step completed in 00:00:00.0076
</buildStep>
<buildStep step="CopyConceptualContent">
Copying conceptual content...
Copying standard token shared content file...
Checking for other token files...
Checking for code snippets files...
Copying images and creating the media map file...
    C:\Users\Eric\Documents\Visual Studio 2015\Projects\Supercluster\Supercluster Documentation\icons\Help.png -&gt; C:\Users\Eric\Documents\Visual Studio 2015\Projects\Supercluster\Supercluster Documentation\Help\Working\media\Help.png
Generating conceptual topic files
    Parsing topic file &#39;C:\Users\Eric\Documents\Visual Studio 2015\Projects\Supercluster\Supercluster Documentation\Content\Welcome.aml&#39;
    C:\Users\Eric\Documents\Visual Studio 2015\Projects\Supercluster\Supercluster Documentation\Content\Welcome.aml -&gt; C:\Users\Eric\Documents\Visual Studio 2015\Projects\Supercluster\Supercluster Documentation\Help\Working\ddueXml\e600e278-690e-40b0-95c6-c7d51c0b05a7.xml
    Parsing topic file &#39;C:\Users\Eric\Documents\Visual Studio 2015\Projects\Supercluster\Supercluster Documentation\Content\VersionHistory\VersionHistory.aml&#39;
    C:\Users\Eric\Documents\Visual Studio 2015\Projects\Supercluster\Supercluster Documentation\Content\VersionHistory\VersionHistory.aml -&gt; C:\Users\Eric\Documents\Visual Studio 2015\Projects\Supercluster\Supercluster Documentation\Help\Working\ddueXml\b7a3e6ff-e007-4f6f-83c6-e795f270f847.xml
    Parsing topic file &#39;C:\Users\Eric\Documents\Visual Studio 2015\Projects\Supercluster\Supercluster Documentation\Content\VersionHistory\v1.0.0.0.aml&#39;
    C:\Users\Eric\Documents\Visual Studio 2015\Projects\Supercluster\Supercluster Documentation\Content\VersionHistory\v1.0.0.0.aml -&gt; C:\Users\Eric\Documents\Visual Studio 2015\Projects\Supercluster\Supercluster Documentation\Help\Working\ddueXml\7d3c96aa-9eb6-4708-a227-f51a71f1c35c.xml
    Last step completed in 00:00:00.0400
</buildStep>
<buildStep step="CreateConceptualTopicConfigs">
Creating conceptual topic configuration files...
    Companion files
    _ContentMetadata_.xml
    ConceptualManifest.xml
    Last step completed in 00:00:00.0165
</buildStep>
<buildStep step="CopyAdditionalContent">
Copying additional content files...
No additional content to copy
    Last step completed in 00:00:00.0005
</buildStep>
<buildStep step="MergeTablesOfContents">
Merging conceptual and additional tables of contents...
    Last step completed in 00:00:00.0005
</buildStep>
<buildStep step="GenerateIntermediateTableOfContents">
Generating intermediate table of contents file...
[C:\Program Files (x86)\MSBuild\14.0\bin\MSBuild.exe - GenerateIntermediateTOC.proj]
Build started 3/6/2016 12:49:53 AM.
Project &quot;C:\Users\Eric\Documents\Visual Studio 2015\Projects\Supercluster\Supercluster Documentation\Help\Working\GenerateIntermediateTOC.proj&quot; on node 1 (default targets).
GenerateIntermediateTOC:
  XslTransform (v2015.10.10.0)
  Copyright c 2006-2015, Microsoft Corporation, All Rights Reserved.
  Portions Copyright c 2006-2015, Eric Woodruff, All Rights Reserved.
  Applying XSL transformation &#39;C:\Program Files (x86)\EWSoftware\Sandcastle Help File Builder\\ProductionTransforms\CreateVSToc.xsl&#39;.
Done Building Project &quot;C:\Users\Eric\Documents\Visual Studio 2015\Projects\Supercluster\Supercluster Documentation\Help\Working\GenerateIntermediateTOC.proj&quot; (default targets).

Build succeeded.

Time Elapsed 00:00:00.07
Generating conceptual content intermediate TOC file...
    Last step completed in 00:00:00.1432
</buildStep>
<buildStep step="CreateBuildAssemblerConfigs">
Creating Sandcastle configuration files...
    sandcastle.config
    conceptual.config
    Last step completed in 00:00:00.1534
</buildStep>
<buildStep step="MergeCustomConfigs">
Merging custom build component configurations
C:\Users\Eric\Documents\Visual Studio 2015\Projects\Supercluster\Supercluster Documentation\Help\Working\sandcastle.config
C:\Users\Eric\Documents\Visual Studio 2015\Projects\Supercluster\Supercluster Documentation\Help\Working\conceptual.config
    Removing unused ExampleComponent.
    Last step completed in 00:00:00.0165
</buildStep>
<buildStep step="BuildConceptualTopics">
Building conceptual help topics...
[C:\Program Files (x86)\MSBuild\14.0\bin\MSBuild.exe - BuildConceptualTopics.proj]
Build started 3/6/2016 12:49:53 AM.
Project &quot;C:\Users\Eric\Documents\Visual Studio 2015\Projects\Supercluster\Supercluster Documentation\Help\Working\BuildConceptualTopics.proj&quot; on node 1 (default targets).
BuildConceptualTopics:
  BuildAssembler (v2015.10.10.0)
  Copyright c 2006-2015, Microsoft Corporation, All Rights Reserved.
  Portions Copyright c 2006-2015, Eric Woodruff, All Rights Reserved.
  Loading configuration...
  Processing topics...
  Processed 3 topic(s)
  CopyFromIndexComponent: &quot;metadata&quot; in-memory cache entries used: 1 of 15.
Done Building Project &quot;C:\Users\Eric\Documents\Visual Studio 2015\Projects\Supercluster\Supercluster Documentation\Help\Working\BuildConceptualTopics.proj&quot; (default targets).

Build succeeded.

Time Elapsed 00:00:02.71
    Last step completed in 00:00:02.7872
</buildStep>
<buildStep step="BuildReferenceTopics">
Building reference help topics...
[C:\Program Files (x86)\MSBuild\14.0\bin\MSBuild.exe - BuildReferenceTopics.proj]
Build started 3/6/2016 12:49:56 AM.
Project &quot;C:\Users\Eric\Documents\Visual Studio 2015\Projects\Supercluster\Supercluster Documentation\Help\Working\BuildReferenceTopics.proj&quot; on node 1 (default targets).
BuildReferenceTopics:
  BuildAssembler (v2015.10.10.0)
  Copyright c 2006-2015, Microsoft Corporation, All Rights Reserved.
  Portions Copyright c 2006-2015, Eric Woodruff, All Rights Reserved.
  Loading configuration...
  Processing topics...
BuildAssembler : warning : ShowMissingComponent: [N:Supercluster] Missing &lt;summary&gt; documentation [C:\Users\Eric\Documents\Visual Studio 2015\Projects\Supercluster\Supercluster Documentation\Help\Working\BuildReferenceTopics.proj]
BuildAssembler : warning : ShowMissingComponent: [M:Supercluster.CollectionUtilities.ArrayAdd(System.Double[],System.Double[])] Missing &lt;returns&gt; documentation [C:\Users\Eric\Documents\Visual Studio 2015\Projects\Supercluster\Supercluster Documentation\Help\Working\BuildReferenceTopics.proj]
BuildAssembler : warning : ShowMissingComponent: [M:Supercluster.CollectionUtilities.ArrayAdd(System.Double[],System.Double[])] Missing &lt;param name=&quot;array1&quot;/&gt; documentation [C:\Users\Eric\Documents\Visual Studio 2015\Projects\Supercluster\Supercluster Documentation\Help\Working\BuildReferenceTopics.proj]
BuildAssembler : warning : ShowMissingComponent: [M:Supercluster.CollectionUtilities.ArrayAdd(System.Double[],System.Double[])] Missing &lt;param name=&quot;array2&quot;/&gt; documentation [C:\Users\Eric\Documents\Visual Studio 2015\Projects\Supercluster\Supercluster Documentation\Help\Working\BuildReferenceTopics.proj]
BuildAssembler : warning : ShowMissingComponent: [M:Supercluster.CollectionUtilities.ArrayDivide(System.Double[],System.Double[])] Missing &lt;summary&gt; documentation [C:\Users\Eric\Documents\Visual Studio 2015\Projects\Supercluster\Supercluster Documentation\Help\Working\BuildReferenceTopics.proj]
BuildAssembler : warning : ShowMissingComponent: [M:Supercluster.CollectionUtilities.ArrayDivide(System.Double[],System.Double[])] Missing &lt;returns&gt; documentation [C:\Users\Eric\Documents\Visual Studio 2015\Projects\Supercluster\Supercluster Documentation\Help\Working\BuildReferenceTopics.proj]
BuildAssembler : warning : ShowMissingComponent: [M:Supercluster.CollectionUtilities.ArrayDivide(System.Double[],System.Double[])] Missing &lt;param name=&quot;array1&quot;/&gt; documentation [C:\Users\Eric\Documents\Visual Studio 2015\Projects\Supercluster\Supercluster Documentation\Help\Working\BuildReferenceTopics.proj]
BuildAssembler : warning : ShowMissingComponent: [M:Supercluster.CollectionUtilities.ArrayDivide(System.Double[],System.Double[])] Missing &lt;param name=&quot;array2&quot;/&gt; documentation [C:\Users\Eric\Documents\Visual Studio 2015\Projects\Supercluster\Supercluster Documentation\Help\Working\BuildReferenceTopics.proj]
BuildAssembler : warning : ShowMissingComponent: [M:Supercluster.CollectionUtilities.ArraySubtract(System.Double[],System.Double[])] Missing &lt;summary&gt; documentation [C:\Users\Eric\Documents\Visual Studio 2015\Projects\Supercluster\Supercluster Documentation\Help\Working\BuildReferenceTopics.proj]
BuildAssembler : warning : ShowMissingComponent: [M:Supercluster.CollectionUtilities.ArraySubtract(System.Double[],System.Double[])] Missing &lt;returns&gt; documentation [C:\Users\Eric\Documents\Visual Studio 2015\Projects\Supercluster\Supercluster Documentation\Help\Working\BuildReferenceTopics.proj]
BuildAssembler : warning : ShowMissingComponent: [M:Supercluster.CollectionUtilities.ArraySubtract(System.Double[],System.Double[])] Missing &lt;param name=&quot;array1&quot;/&gt; documentation [C:\Users\Eric\Documents\Visual Studio 2015\Projects\Supercluster\Supercluster Documentation\Help\Working\BuildReferenceTopics.proj]
BuildAssembler : warning : ShowMissingComponent: [M:Supercluster.CollectionUtilities.ArraySubtract(System.Double[],System.Double[])] Missing &lt;param name=&quot;array2&quot;/&gt; documentation [C:\Users\Eric\Documents\Visual Studio 2015\Projects\Supercluster\Supercluster Documentation\Help\Working\BuildReferenceTopics.proj]
BuildAssembler : warning : ShowMissingComponent: [M:Supercluster.CollectionUtilities.GetColumn``1(``0[0:,0:],System.Int32)] Missing &lt;summary&gt; documentation [C:\Users\Eric\Documents\Visual Studio 2015\Projects\Supercluster\Supercluster Documentation\Help\Working\BuildReferenceTopics.proj]
BuildAssembler : warning : ShowMissingComponent: [M:Supercluster.CollectionUtilities.GetColumn``1(``0[0:,0:],System.Int32)] Missing &lt;typeparam name=&quot;T&quot;/&gt; documentation [C:\Users\Eric\Documents\Visual Studio 2015\Projects\Supercluster\Supercluster Documentation\Help\Working\BuildReferenceTopics.proj]
BuildAssembler : warning : ShowMissingComponent: [M:Supercluster.CollectionUtilities.GetColumn``1(``0[0:,0:],System.Int32)] Missing &lt;returns&gt; documentation [C:\Users\Eric\Documents\Visual Studio 2015\Projects\Supercluster\Supercluster Documentation\Help\Working\BuildReferenceTopics.proj]
BuildAssembler : warning : ShowMissingComponent: [M:Supercluster.CollectionUtilities.GetColumn``1(``0[0:,0:],System.Int32)] Missing &lt;param name=&quot;source&quot;/&gt; documentation [C:\Users\Eric\Documents\Visual Studio 2015\Projects\Supercluster\Supercluster Documentation\Help\Working\BuildReferenceTopics.proj]
BuildAssembler : warning : ShowMissingComponent: [M:Supercluster.CollectionUtilities.GetColumn``1(``0[0:,0:],System.Int32)] Missing &lt;param name=&quot;colIndex&quot;/&gt; documentation [C:\Users\Eric\Documents\Visual Studio 2015\Projects\Supercluster\Supercluster Documentation\Help\Working\BuildReferenceTopics.proj]
BuildAssembler : warning : ShowMissingComponent: [M:Supercluster.CollectionUtilities.GetRow``1(``0[0:,0:],System.Int32)] Missing &lt;summary&gt; documentation [C:\Users\Eric\Documents\Visual Studio 2015\Projects\Supercluster\Supercluster Documentation\Help\Working\BuildReferenceTopics.proj]
BuildAssembler : warning : ShowMissingComponent: [M:Supercluster.CollectionUtilities.GetRow``1(``0[0:,0:],System.Int32)] Missing &lt;typeparam name=&quot;T&quot;/&gt; documentation [C:\Users\Eric\Documents\Visual Studio 2015\Projects\Supercluster\Supercluster Documentation\Help\Working\BuildReferenceTopics.proj]
BuildAssembler : warning : ShowMissingComponent: [M:Supercluster.CollectionUtilities.GetRow``1(``0[0:,0:],System.Int32)] Missing &lt;returns&gt; documentation [C:\Users\Eric\Documents\Visual Studio 2015\Projects\Supercluster\Supercluster Documentation\Help\Working\BuildReferenceTopics.proj]
BuildAssembler : warning : ShowMissingComponent: [M:Supercluster.CollectionUtilities.GetRow``1(``0[0:,0:],System.Int32)] Missing &lt;param name=&quot;source&quot;/&gt; documentation [C:\Users\Eric\Documents\Visual Studio 2015\Projects\Supercluster\Supercluster Documentation\Help\Working\BuildReferenceTopics.proj]
BuildAssembler : warning : ShowMissingComponent: [M:Supercluster.CollectionUtilities.GetRow``1(``0[0:,0:],System.Int32)] Missing &lt;param name=&quot;rowIndex&quot;/&gt; documentation [C:\Users\Eric\Documents\Visual Studio 2015\Projects\Supercluster\Supercluster Documentation\Help\Working\BuildReferenceTopics.proj]
BuildAssembler : warning : ShowMissingComponent: [M:Supercluster.CollectionUtilities.SetColumn``1(``0[0:,0:],System.Int32,``0[])] Missing &lt;typeparam name=&quot;T&quot;/&gt; documentation [C:\Users\Eric\Documents\Visual Studio 2015\Projects\Supercluster\Supercluster Documentation\Help\Working\BuildReferenceTopics.proj]
BuildAssembler : warning : ShowMissingComponent: [M:Supercluster.CollectionUtilities.SetColumn``1(``0[0:,0:],System.Int32,``0[])] Missing &lt;returns&gt; documentation [C:\Users\Eric\Documents\Visual Studio 2015\Projects\Supercluster\Supercluster Documentation\Help\Working\BuildReferenceTopics.proj]
BuildAssembler : warning : ShowMissingComponent: [M:Supercluster.CollectionUtilities.SetColumn``1(``0[0:,0:],System.Int32,``0[])] Missing &lt;param name=&quot;m&quot;/&gt; documentation [C:\Users\Eric\Documents\Visual Studio 2015\Projects\Supercluster\Supercluster Documentation\Help\Working\BuildReferenceTopics.proj]
BuildAssembler : warning : ShowMissingComponent: [M:Supercluster.CollectionUtilities.SetColumn``1(``0[0:,0:],System.Int32,``0[])] Missing &lt;param name=&quot;index&quot;/&gt; documentation [C:\Users\Eric\Documents\Visual Studio 2015\Projects\Supercluster\Supercluster Documentation\Help\Working\BuildReferenceTopics.proj]
BuildAssembler : warning : ShowMissingComponent: [M:Supercluster.CollectionUtilities.SetColumn``1(``0[0:,0:],System.Int32,``0[])] Missing &lt;param name=&quot;column&quot;/&gt; documentation [C:\Users\Eric\Documents\Visual Studio 2015\Projects\Supercluster\Supercluster Documentation\Help\Working\BuildReferenceTopics.proj]
BuildAssembler : warning : ShowMissingComponent: [M:Supercluster.CollectionUtilities.SetRow``1(``0[0:,0:],System.Int32,``0[])] Missing &lt;typeparam name=&quot;T&quot;/&gt; documentation [C:\Users\Eric\Documents\Visual Studio 2015\Projects\Supercluster\Supercluster Documentation\Help\Working\BuildReferenceTopics.proj]
BuildAssembler : warning : ShowMissingComponent: [M:Supercluster.CollectionUtilities.SetRow``1(``0[0:,0:],System.Int32,``0[])] Missing &lt;returns&gt; documentation [C:\Users\Eric\Documents\Visual Studio 2015\Projects\Supercluster\Supercluster Documentation\Help\Working\BuildReferenceTopics.proj]
BuildAssembler : warning : ShowMissingComponent: [M:Supercluster.CollectionUtilities.SetRow``1(``0[0:,0:],System.Int32,``0[])] Missing &lt;param name=&quot;m&quot;/&gt; documentation [C:\Users\Eric\Documents\Visual Studio 2015\Projects\Supercluster\Supercluster Documentation\Help\Working\BuildReferenceTopics.proj]
BuildAssembler : warning : ShowMissingComponent: [M:Supercluster.CollectionUtilities.SetRow``1(``0[0:,0:],System.Int32,``0[])] Missing &lt;param name=&quot;index&quot;/&gt; documentation [C:\Users\Eric\Documents\Visual Studio 2015\Projects\Supercluster\Supercluster Documentation\Help\Working\BuildReferenceTopics.proj]
BuildAssembler : warning : ShowMissingComponent: [M:Supercluster.CollectionUtilities.SetRow``1(``0[0:,0:],System.Int32,``0[])] Missing &lt;param name=&quot;row&quot;/&gt; documentation [C:\Users\Eric\Documents\Visual Studio 2015\Projects\Supercluster\Supercluster Documentation\Help\Working\BuildReferenceTopics.proj]
BuildAssembler : warning : ShowMissingComponent: [M:Supercluster.CollectionUtilities.SubsetByIndex``1(System.Collections.Generic.IList{``0},System.Int32[])] Missing &lt;summary&gt; documentation [C:\Users\Eric\Documents\Visual Studio 2015\Projects\Supercluster\Supercluster Documentation\Help\Working\BuildReferenceTopics.proj]
BuildAssembler : warning : ShowMissingComponent: [M:Supercluster.CollectionUtilities.SubsetByIndex``1(System.Collections.Generic.IList{``0},System.Int32[])] Missing &lt;typeparam name=&quot;T&quot;/&gt; documentation [C:\Users\Eric\Documents\Visual Studio 2015\Projects\Supercluster\Supercluster Documentation\Help\Working\BuildReferenceTopics.proj]
BuildAssembler : warning : ShowMissingComponent: [M:Supercluster.CollectionUtilities.SubsetByIndex``1(System.Collections.Generic.IList{``0},System.Int32[])] Missing &lt;returns&gt; documentation [C:\Users\Eric\Documents\Visual Studio 2015\Projects\Supercluster\Supercluster Documentation\Help\Working\BuildReferenceTopics.proj]
BuildAssembler : warning : ShowMissingComponent: [M:Supercluster.CollectionUtilities.SubsetByIndex``1(System.Collections.Generic.IList{``0},System.Int32[])] Missing &lt;param name=&quot;source&quot;/&gt; documentation [C:\Users\Eric\Documents\Visual Studio 2015\Projects\Supercluster\Supercluster Documentation\Help\Working\BuildReferenceTopics.proj]
BuildAssembler : warning : ShowMissingComponent: [M:Supercluster.CollectionUtilities.SubsetByIndex``1(System.Collections.Generic.IList{``0},System.Int32[])] Missing &lt;param name=&quot;indexes&quot;/&gt; documentation [C:\Users\Eric\Documents\Visual Studio 2015\Projects\Supercluster\Supercluster Documentation\Help\Working\BuildReferenceTopics.proj]
BuildAssembler : warning : ShowMissingComponent: [M:Supercluster.CollectionUtilities.SubsetByIndex``1(``0[0:,0:],System.Int32[])] Missing &lt;summary&gt; documentation [C:\Users\Eric\Documents\Visual Studio 2015\Projects\Supercluster\Supercluster Documentation\Help\Working\BuildReferenceTopics.proj]
BuildAssembler : warning : ShowMissingComponent: [M:Supercluster.CollectionUtilities.SubsetByIndex``1(``0[0:,0:],System.Int32[])] Missing &lt;typeparam name=&quot;T&quot;/&gt; documentation [C:\Users\Eric\Documents\Visual Studio 2015\Projects\Supercluster\Supercluster Documentation\Help\Working\BuildReferenceTopics.proj]
BuildAssembler : warning : ShowMissingComponent: [M:Supercluster.CollectionUtilities.SubsetByIndex``1(``0[0:,0:],System.Int32[])] Missing &lt;returns&gt; documentation [C:\Users\Eric\Documents\Visual Studio 2015\Projects\Supercluster\Supercluster Documentation\Help\Working\BuildReferenceTopics.proj]
BuildAssembler : warning : ShowMissingComponent: [M:Supercluster.CollectionUtilities.SubsetByIndex``1(``0[0:,0:],System.Int32[])] Missing &lt;param name=&quot;source&quot;/&gt; documentation [C:\Users\Eric\Documents\Visual Studio 2015\Projects\Supercluster\Supercluster Documentation\Help\Working\BuildReferenceTopics.proj]
BuildAssembler : warning : ShowMissingComponent: [M:Supercluster.CollectionUtilities.SubsetByIndex``1(``0[0:,0:],System.Int32[])] Missing &lt;param name=&quot;indexes&quot;/&gt; documentation [C:\Users\Eric\Documents\Visual Studio 2015\Projects\Supercluster\Supercluster Documentation\Help\Working\BuildReferenceTopics.proj]
BuildAssembler : warning : ShowMissingComponent: [T:Supercluster.DoubleArrayEqualityComparer] Missing &lt;summary&gt; documentation [C:\Users\Eric\Documents\Visual Studio 2015\Projects\Supercluster\Supercluster Documentation\Help\Working\BuildReferenceTopics.proj]
BuildAssembler : warning : ShowMissingComponent: [M:Supercluster.DoubleArrayEqualityComparer.Equals(System.Double[],System.Double[])] Missing &lt;summary&gt; documentation [C:\Users\Eric\Documents\Visual Studio 2015\Projects\Supercluster\Supercluster Documentation\Help\Working\BuildReferenceTopics.proj]
BuildAssembler : warning : ShowMissingComponent: [M:Supercluster.DoubleArrayEqualityComparer.Equals(System.Double[],System.Double[])] Missing &lt;returns&gt; documentation [C:\Users\Eric\Documents\Visual Studio 2015\Projects\Supercluster\Supercluster Documentation\Help\Working\BuildReferenceTopics.proj]
BuildAssembler : warning : ShowMissingComponent: [M:Supercluster.DoubleArrayEqualityComparer.Equals(System.Double[],System.Double[])] Missing &lt;param name=&quot;x&quot;/&gt; documentation [C:\Users\Eric\Documents\Visual Studio 2015\Projects\Supercluster\Supercluster Documentation\Help\Working\BuildReferenceTopics.proj]
BuildAssembler : warning : ShowMissingComponent: [M:Supercluster.DoubleArrayEqualityComparer.Equals(System.Double[],System.Double[])] Missing &lt;param name=&quot;y&quot;/&gt; documentation [C:\Users\Eric\Documents\Visual Studio 2015\Projects\Supercluster\Supercluster Documentation\Help\Working\BuildReferenceTopics.proj]
BuildAssembler : warning : ShowMissingComponent: [M:Supercluster.DoubleArrayEqualityComparer.GetHashCode(System.Double[])] Missing &lt;summary&gt; documentation [C:\Users\Eric\Documents\Visual Studio 2015\Projects\Supercluster\Supercluster Documentation\Help\Working\BuildReferenceTopics.proj]
BuildAssembler : warning : ShowMissingComponent: [M:Supercluster.DoubleArrayEqualityComparer.GetHashCode(System.Double[])] Missing &lt;returns&gt; documentation [C:\Users\Eric\Documents\Visual Studio 2015\Projects\Supercluster\Supercluster Documentation\Help\Working\BuildReferenceTopics.proj]
BuildAssembler : warning : ShowMissingComponent: [M:Supercluster.DoubleArrayEqualityComparer.GetHashCode(System.Double[])] Missing &lt;param name=&quot;obj&quot;/&gt; documentation [C:\Users\Eric\Documents\Visual Studio 2015\Projects\Supercluster\Supercluster Documentation\Help\Working\BuildReferenceTopics.proj]
BuildAssembler : warning : ShowMissingComponent: [T:Supercluster.DoubleEqualityComparer] Missing &lt;summary&gt; documentation [C:\Users\Eric\Documents\Visual Studio 2015\Projects\Supercluster\Supercluster Documentation\Help\Working\BuildReferenceTopics.proj]
BuildAssembler : warning : ShowMissingComponent: [M:Supercluster.DoubleEqualityComparer.Equals(System.Double,System.Double)] Missing &lt;summary&gt; documentation [C:\Users\Eric\Documents\Visual Studio 2015\Projects\Supercluster\Supercluster Documentation\Help\Working\BuildReferenceTopics.proj]
BuildAssembler : warning : ShowMissingComponent: [M:Supercluster.DoubleEqualityComparer.Equals(System.Double,System.Double)] Missing &lt;returns&gt; documentation [C:\Users\Eric\Documents\Visual Studio 2015\Projects\Supercluster\Supercluster Documentation\Help\Working\BuildReferenceTopics.proj]
BuildAssembler : warning : ShowMissingComponent: [M:Supercluster.DoubleEqualityComparer.Equals(System.Double,System.Double)] Missing &lt;param name=&quot;x&quot;/&gt; documentation [C:\Users\Eric\Documents\Visual Studio 2015\Projects\Supercluster\Supercluster Documentation\Help\Working\BuildReferenceTopics.proj]
BuildAssembler : warning : ShowMissingComponent: [M:Supercluster.DoubleEqualityComparer.Equals(System.Double,System.Double)] Missing &lt;param name=&quot;y&quot;/&gt; documentation [C:\Users\Eric\Documents\Visual Studio 2015\Projects\Supercluster\Supercluster Documentation\Help\Working\BuildReferenceTopics.proj]
BuildAssembler : warning : ShowMissingComponent: [M:Supercluster.DoubleEqualityComparer.GetHashCode(System.Double)] Missing &lt;summary&gt; documentation [C:\Users\Eric\Documents\Visual Studio 2015\Projects\Supercluster\Supercluster Documentation\Help\Working\BuildReferenceTopics.proj]
BuildAssembler : warning : ShowMissingComponent: [M:Supercluster.DoubleEqualityComparer.GetHashCode(System.Double)] Missing &lt;returns&gt; documentation [C:\Users\Eric\Documents\Visual Studio 2015\Projects\Supercluster\Supercluster Documentation\Help\Working\BuildReferenceTopics.proj]
BuildAssembler : warning : ShowMissingComponent: [M:Supercluster.DoubleEqualityComparer.GetHashCode(System.Double)] Missing &lt;param name=&quot;obj&quot;/&gt; documentation [C:\Users\Eric\Documents\Visual Studio 2015\Projects\Supercluster\Supercluster Documentation\Help\Working\BuildReferenceTopics.proj]
BuildAssembler : warning : ShowMissingComponent: [T:Supercluster.NearestNeighborPoint`1] Missing &lt;typeparam name=&quot;T&quot;/&gt; documentation [C:\Users\Eric\Documents\Visual Studio 2015\Projects\Supercluster\Supercluster Documentation\Help\Working\BuildReferenceTopics.proj]
BuildAssembler : warning : ResolveReferenceLinksComponent: [T:Supercluster.NearestNeighborPoint`1] Unknown reference link target &#39;!:NearestNeighborPoint&#39;. [C:\Users\Eric\Documents\Visual Studio 2015\Projects\Supercluster\Supercluster Documentation\Help\Working\BuildReferenceTopics.proj]
BuildAssembler : warning : ResolveReferenceLinksComponent: [T:Supercluster.NearestNeighborPoint`1] Invalid reference link target &#39;!:NearestNeighborPoint&#39;. [C:\Users\Eric\Documents\Visual Studio 2015\Projects\Supercluster\Supercluster Documentation\Help\Working\BuildReferenceTopics.proj]
BuildAssembler : warning : ShowMissingComponent: [M:Supercluster.NearestNeighborPoint`1.#ctor(`0,System.Double,System.Int32)] Missing &lt;param name=&quot;point&quot;/&gt; documentation [C:\Users\Eric\Documents\Visual Studio 2015\Projects\Supercluster\Supercluster Documentation\Help\Working\BuildReferenceTopics.proj]
BuildAssembler : warning : ResolveReferenceLinksComponent: [M:Supercluster.NearestNeighborPoint`1.#ctor(`0,System.Double,System.Int32)] Unknown reference link target &#39;!:NearestNeighborPoint&#39;. [C:\Users\Eric\Documents\Visual Studio 2015\Projects\Supercluster\Supercluster Documentation\Help\Working\BuildReferenceTopics.proj]
BuildAssembler : warning : ResolveReferenceLinksComponent: [M:Supercluster.NearestNeighborPoint`1.#ctor(`0,System.Double,System.Int32)] Invalid reference link target &#39;!:NearestNeighborPoint&#39;. [C:\Users\Eric\Documents\Visual Studio 2015\Projects\Supercluster\Supercluster Documentation\Help\Working\BuildReferenceTopics.proj]
BuildAssembler : warning : ShowMissingComponent: [F:Supercluster.NearestNeighborPoint`1.point] Missing &lt;summary&gt; documentation [C:\Users\Eric\Documents\Visual Studio 2015\Projects\Supercluster\Supercluster Documentation\Help\Working\BuildReferenceTopics.proj]
BuildAssembler : warning : ShowMissingComponent: [N:Supercluster.Algorithms] Missing &lt;summary&gt; documentation [C:\Users\Eric\Documents\Visual Studio 2015\Projects\Supercluster\Supercluster Documentation\Help\Working\BuildReferenceTopics.proj]
BuildAssembler : warning : ShowMissingComponent: [M:Supercluster.Algorithms.MostDistantPoints.MaximallyDistantPoints``1(``0[],System.Int32,System.Func{``0,``0,System.Double})] Missing &lt;summary&gt; documentation [C:\Users\Eric\Documents\Visual Studio 2015\Projects\Supercluster\Supercluster Documentation\Help\Working\BuildReferenceTopics.proj]
BuildAssembler : warning : ShowMissingComponent: [M:Supercluster.Algorithms.MostDistantPoints.MaximallyDistantPoints``1(``0[],System.Int32,System.Func{``0,``0,System.Double})] Missing &lt;typeparam name=&quot;T&quot;/&gt; documentation [C:\Users\Eric\Documents\Visual Studio 2015\Projects\Supercluster\Supercluster Documentation\Help\Working\BuildReferenceTopics.proj]
BuildAssembler : warning : ShowMissingComponent: [M:Supercluster.Algorithms.MostDistantPoints.MaximallyDistantPoints``1(``0[],System.Int32,System.Func{``0,``0,System.Double})] Missing &lt;returns&gt; documentation [C:\Users\Eric\Documents\Visual Studio 2015\Projects\Supercluster\Supercluster Documentation\Help\Working\BuildReferenceTopics.proj]
BuildAssembler : warning : ShowMissingComponent: [M:Supercluster.Algorithms.MostDistantPoints.MaximallyDistantPoints``1(``0[],System.Int32,System.Func{``0,``0,System.Double})] Missing &lt;param name=&quot;data&quot;/&gt; documentation [C:\Users\Eric\Documents\Visual Studio 2015\Projects\Supercluster\Supercluster Documentation\Help\Working\BuildReferenceTopics.proj]
BuildAssembler : warning : ShowMissingComponent: [M:Supercluster.Algorithms.MostDistantPoints.MaximallyDistantPoints``1(``0[],System.Int32,System.Func{``0,``0,System.Double})] Missing &lt;param name=&quot;points&quot;/&gt; documentation [C:\Users\Eric\Documents\Visual Studio 2015\Projects\Supercluster\Supercluster Documentation\Help\Working\BuildReferenceTopics.proj]
BuildAssembler : warning : ShowMissingComponent: [M:Supercluster.Algorithms.MostDistantPoints.MaximallyDistantPoints``1(``0[],System.Int32,System.Func{``0,``0,System.Double})] Missing &lt;param name=&quot;Metric&quot;/&gt; documentation [C:\Users\Eric\Documents\Visual Studio 2015\Projects\Supercluster\Supercluster Documentation\Help\Working\BuildReferenceTopics.proj]
BuildAssembler : warning : ShowMissingComponent: [T:Supercluster.Algorithms.Norms] Missing &lt;summary&gt; documentation [C:\Users\Eric\Documents\Visual Studio 2015\Projects\Supercluster\Supercluster Documentation\Help\Working\BuildReferenceTopics.proj]
BuildAssembler : warning : ShowMissingComponent: [F:Supercluster.Algorithms.Norms.L2Norm] Missing &lt;summary&gt; documentation [C:\Users\Eric\Documents\Visual Studio 2015\Projects\Supercluster\Supercluster Documentation\Help\Working\BuildReferenceTopics.proj]
BuildAssembler : warning : ShowMissingComponent: [F:Supercluster.Algorithms.Norms.L2Norm_Squared] Missing &lt;summary&gt; documentation [C:\Users\Eric\Documents\Visual Studio 2015\Projects\Supercluster\Supercluster Documentation\Help\Working\BuildReferenceTopics.proj]
BuildAssembler : warning : ShowMissingComponent: [N:Supercluster.Classification] Missing &lt;summary&gt; documentation [C:\Users\Eric\Documents\Visual Studio 2015\Projects\Supercluster\Supercluster Documentation\Help\Working\BuildReferenceTopics.proj]
BuildAssembler : warning : ShowMissingComponent: [M:Supercluster.Classification.ExtendedNearestNeighbors`1.Predict(`0[])] Missing &lt;summary&gt; documentation [C:\Users\Eric\Documents\Visual Studio 2015\Projects\Supercluster\Supercluster Documentation\Help\Working\BuildReferenceTopics.proj]
BuildAssembler : warning : ShowMissingComponent: [M:Supercluster.Classification.ExtendedNearestNeighbors`1.Predict(`0[])] Missing &lt;returns&gt; documentation [C:\Users\Eric\Documents\Visual Studio 2015\Projects\Supercluster\Supercluster Documentation\Help\Working\BuildReferenceTopics.proj]
BuildAssembler : warning : ShowMissingComponent: [M:Supercluster.Classification.ExtendedNearestNeighbors`1.Predict(`0[])] Missing &lt;param name=&quot;testingData&quot;/&gt; documentation [C:\Users\Eric\Documents\Visual Studio 2015\Projects\Supercluster\Supercluster Documentation\Help\Working\BuildReferenceTopics.proj]
BuildAssembler : warning : ShowMissingComponent: [N:Supercluster.Clustering] Missing &lt;summary&gt; documentation [C:\Users\Eric\Documents\Visual Studio 2015\Projects\Supercluster\Supercluster Documentation\Help\Working\BuildReferenceTopics.proj]
BuildAssembler : warning : ShowMissingComponent: [T:Supercluster.Clustering.KMeans`1] Missing &lt;typeparam name=&quot;T&quot;/&gt; documentation [C:\Users\Eric\Documents\Visual Studio 2015\Projects\Supercluster\Supercluster Documentation\Help\Working\BuildReferenceTopics.proj]
BuildAssembler : warning : ShowMissingComponent: [M:Supercluster.Clustering.KMeans`1.#ctor(System.Int32,System.Collections.Generic.IEqualityComparer{`0})] Missing &lt;param name=&quot;clusters&quot;/&gt; documentation [C:\Users\Eric\Documents\Visual Studio 2015\Projects\Supercluster\Supercluster Documentation\Help\Working\BuildReferenceTopics.proj]
BuildAssembler : warning : ShowMissingComponent: [M:Supercluster.Clustering.KMeans`1.#ctor(System.Int32,System.Collections.Generic.IEqualityComparer{`0})] Missing &lt;param name=&quot;equality&quot;/&gt; documentation [C:\Users\Eric\Documents\Visual Studio 2015\Projects\Supercluster\Supercluster Documentation\Help\Working\BuildReferenceTopics.proj]
BuildAssembler : warning : ShowMissingComponent: [F:Supercluster.Clustering.KMeans`1.CentralTendency] Missing &lt;summary&gt; documentation [C:\Users\Eric\Documents\Visual Studio 2015\Projects\Supercluster\Supercluster Documentation\Help\Working\BuildReferenceTopics.proj]
BuildAssembler : warning : ShowMissingComponent: [F:Supercluster.Clustering.KMeans`1.Centroids] Missing &lt;summary&gt; documentation [C:\Users\Eric\Documents\Visual Studio 2015\Projects\Supercluster\Supercluster Documentation\Help\Working\BuildReferenceTopics.proj]
BuildAssembler : warning : ShowMissingComponent: [F:Supercluster.Clustering.KMeans`1.ClusterData] Missing &lt;summary&gt; documentation [C:\Users\Eric\Documents\Visual Studio 2015\Projects\Supercluster\Supercluster Documentation\Help\Working\BuildReferenceTopics.proj]
BuildAssembler : warning : ShowMissingComponent: [F:Supercluster.Clustering.KMeans`1.ClusterLabels] Missing &lt;summary&gt; documentation [C:\Users\Eric\Documents\Visual Studio 2015\Projects\Supercluster\Supercluster Documentation\Help\Working\BuildReferenceTopics.proj]
BuildAssembler : warning : ShowMissingComponent: [P:Supercluster.Clustering.KMeans`1.Clusters] Missing &lt;summary&gt; documentation [C:\Users\Eric\Documents\Visual Studio 2015\Projects\Supercluster\Supercluster Documentation\Help\Working\BuildReferenceTopics.proj]
BuildAssembler : warning : ShowMissingComponent: [M:Supercluster.Clustering.KMeans`1.Compute] Missing &lt;summary&gt; documentation [C:\Users\Eric\Documents\Visual Studio 2015\Projects\Supercluster\Supercluster Documentation\Help\Working\BuildReferenceTopics.proj]
BuildAssembler : warning : ShowMissingComponent: [F:Supercluster.Clustering.KMeans`1.EqualityComparer] Missing &lt;summary&gt; documentation [C:\Users\Eric\Documents\Visual Studio 2015\Projects\Supercluster\Supercluster Documentation\Help\Working\BuildReferenceTopics.proj]
BuildAssembler : warning : ShowMissingComponent: [M:Supercluster.Clustering.KMeans`1.GetClusterData(System.Int32)] Missing &lt;summary&gt; documentation [C:\Users\Eric\Documents\Visual Studio 2015\Projects\Supercluster\Supercluster Documentation\Help\Working\BuildReferenceTopics.proj]
BuildAssembler : warning : ShowMissingComponent: [M:Supercluster.Clustering.KMeans`1.GetClusterData(System.Int32)] Missing &lt;returns&gt; documentation [C:\Users\Eric\Documents\Visual Studio 2015\Projects\Supercluster\Supercluster Documentation\Help\Working\BuildReferenceTopics.proj]
BuildAssembler : warning : ShowMissingComponent: [M:Supercluster.Clustering.KMeans`1.GetClusterData(System.Int32)] Missing &lt;param name=&quot;clusterLabel&quot;/&gt; documentation [C:\Users\Eric\Documents\Visual Studio 2015\Projects\Supercluster\Supercluster Documentation\Help\Working\BuildReferenceTopics.proj]
BuildAssembler : warning : ShowMissingComponent: [F:Supercluster.Clustering.KMeans`1.Metric] Missing &lt;summary&gt; documentation [C:\Users\Eric\Documents\Visual Studio 2015\Projects\Supercluster\Supercluster Documentation\Help\Working\BuildReferenceTopics.proj]
BuildAssembler : warning : ShowMissingComponent: [N:Supercluster.KDTree] Missing &lt;summary&gt; documentation [C:\Users\Eric\Documents\Visual Studio 2015\Projects\Supercluster\Supercluster Documentation\Help\Working\BuildReferenceTopics.proj]
BuildAssembler : warning : ShowMissingComponent: [M:Supercluster.KDTree.KDNode.#ctor(System.Double[],Supercluster.KDTree.KDNode,Supercluster.KDTree.KDNode)] Missing &lt;param name=&quot;value&quot;/&gt; documentation [C:\Users\Eric\Documents\Visual Studio 2015\Projects\Supercluster\Supercluster Documentation\Help\Working\BuildReferenceTopics.proj]
BuildAssembler : warning : ShowMissingComponent: [M:Supercluster.KDTree.KDNode.#ctor(System.Double[],Supercluster.KDTree.KDNode,Supercluster.KDTree.KDNode)] Missing &lt;param name=&quot;left&quot;/&gt; documentation [C:\Users\Eric\Documents\Visual Studio 2015\Projects\Supercluster\Supercluster Documentation\Help\Working\BuildReferenceTopics.proj]
BuildAssembler : warning : ShowMissingComponent: [M:Supercluster.KDTree.KDNode.#ctor(System.Double[],Supercluster.KDTree.KDNode,Supercluster.KDTree.KDNode)] Missing &lt;param name=&quot;right&quot;/&gt; documentation [C:\Users\Eric\Documents\Visual Studio 2015\Projects\Supercluster\Supercluster Documentation\Help\Working\BuildReferenceTopics.proj]
BuildAssembler : warning : ShowMissingComponent: [T:Supercluster.KDTree.KDTree] Missing &lt;summary&gt; documentation [C:\Users\Eric\Documents\Visual Studio 2015\Projects\Supercluster\Supercluster Documentation\Help\Working\BuildReferenceTopics.proj]
BuildAssembler : warning : ShowMissingComponent: [M:Supercluster.KDTree.KDTree.#ctor(System.Int32,System.Collections.Generic.IEnumerable{System.Double[]})] Missing &lt;param name=&quot;k&quot;/&gt; documentation [C:\Users\Eric\Documents\Visual Studio 2015\Projects\Supercluster\Supercluster Documentation\Help\Working\BuildReferenceTopics.proj]
BuildAssembler : warning : ShowMissingComponent: [M:Supercluster.KDTree.KDTree.#ctor(System.Int32,System.Collections.Generic.IEnumerable{System.Double[]})] Missing &lt;param name=&quot;points&quot;/&gt; documentation [C:\Users\Eric\Documents\Visual Studio 2015\Projects\Supercluster\Supercluster Documentation\Help\Working\BuildReferenceTopics.proj]
BuildAssembler : warning : ShowMissingComponent: [P:Supercluster.KDTree.KDTree.K] Missing &lt;summary&gt; documentation [C:\Users\Eric\Documents\Visual Studio 2015\Projects\Supercluster\Supercluster Documentation\Help\Working\BuildReferenceTopics.proj]
BuildAssembler : warning : ShowMissingComponent: [F:Supercluster.KDTree.KDTree.Root] Missing &lt;summary&gt; documentation [C:\Users\Eric\Documents\Visual Studio 2015\Projects\Supercluster\Supercluster Documentation\Help\Working\BuildReferenceTopics.proj]
  Processed 118 topic(s)
  103 warning(s)
  CopyFromIndexComponent: &quot;reflection&quot; in-memory cache entries used: 4 of 15.
  CopyFromIndexComponent: &quot;comments&quot; in-memory cache entries used: 2 of 30.
Done Building Project &quot;C:\Users\Eric\Documents\Visual Studio 2015\Projects\Supercluster\Supercluster Documentation\Help\Working\BuildReferenceTopics.proj&quot; (default targets).

Build succeeded.

Time Elapsed 00:00:07.46
    Last step completed in 00:00:07.5637
</buildStep>
<buildStep step="CombiningIntermediateTocFiles">
Combining conceptual and API intermediate TOC files...
    Last step completed in 00:00:00.0080
</buildStep>
<buildStep step="ExtractingHtmlInfo">
Extracting HTML info for HTML Help 1 and/or website...
[C:\Program Files (x86)\MSBuild\14.0\bin\MSBuild.exe - ExtractHtmlInfo.proj]
Sandcastle Help File Builder and Tools, version 2015.10.10.0
Copyright c 2006-2015, Eric Woodruff, All Rights Reserved
E-Mail: Eric@EWoodruff.us

Using LCID &#39;1033&#39;, code page &#39;65001&#39;, encoding charset &#39;UTF-8&#39;.

Processing website files in C:\Users\Eric\Documents\Visual Studio 2015\Projects\Supercluster\Supercluster Documentation\Help\Working\Output\Website
Processed 121 HTML files
Sorting keywords and generating See Also indices
Saving website keyword index to C:\Users\Eric\Documents\Visual Studio 2015\Projects\Supercluster\Supercluster Documentation\Help\Working\WebKI.xml
Saving website table of contents to C:\Users\Eric\Documents\Visual Studio 2015\Projects\Supercluster\Supercluster Documentation\Help\Working\WebTOC.xml
    Last step completed in 00:00:00.3684
</buildStep>
<buildStep step="CopyStandardHelpContent">
Copying standard help content...
C:\Program Files (x86)\EWSoftware\Sandcastle Help File Builder\PresentationStyles\VS2013\icons\AlertCaution.png -&gt; C:\Users\Eric\Documents\Visual Studio 2015\Projects\Supercluster\Supercluster Documentation\Help\Working\Output\Website\icons\AlertCaution.png
C:\Program Files (x86)\EWSoftware\Sandcastle Help File Builder\PresentationStyles\VS2013\icons\AlertNote.png -&gt; C:\Users\Eric\Documents\Visual Studio 2015\Projects\Supercluster\Supercluster Documentation\Help\Working\Output\Website\icons\AlertNote.png
C:\Program Files (x86)\EWSoftware\Sandcastle Help File Builder\PresentationStyles\VS2013\icons\AlertSecurity.png -&gt; C:\Users\Eric\Documents\Visual Studio 2015\Projects\Supercluster\Supercluster Documentation\Help\Working\Output\Website\icons\AlertSecurity.png
C:\Program Files (x86)\EWSoftware\Sandcastle Help File Builder\PresentationStyles\VS2013\icons\CFW.gif -&gt; C:\Users\Eric\Documents\Visual Studio 2015\Projects\Supercluster\Supercluster Documentation\Help\Working\Output\Website\icons\CFW.gif
C:\Program Files (x86)\EWSoftware\Sandcastle Help File Builder\PresentationStyles\VS2013\icons\CodeExample.png -&gt; C:\Users\Eric\Documents\Visual Studio 2015\Projects\Supercluster\Supercluster Documentation\Help\Working\Output\Website\icons\CodeExample.png
C:\Program Files (x86)\EWSoftware\Sandcastle Help File Builder\PresentationStyles\VS2013\icons\favicon.ico -&gt; C:\Users\Eric\Documents\Visual Studio 2015\Projects\Supercluster\Supercluster Documentation\Help\Working\Output\Website\icons\favicon.ico
C:\Program Files (x86)\EWSoftware\Sandcastle Help File Builder\PresentationStyles\VS2013\icons\privclass.gif -&gt; C:\Users\Eric\Documents\Visual Studio 2015\Projects\Supercluster\Supercluster Documentation\Help\Working\Output\Website\icons\privclass.gif
C:\Program Files (x86)\EWSoftware\Sandcastle Help File Builder\PresentationStyles\VS2013\icons\privdelegate.gif -&gt; C:\Users\Eric\Documents\Visual Studio 2015\Projects\Supercluster\Supercluster Documentation\Help\Working\Output\Website\icons\privdelegate.gif
C:\Program Files (x86)\EWSoftware\Sandcastle Help File Builder\PresentationStyles\VS2013\icons\privenumeration.gif -&gt; C:\Users\Eric\Documents\Visual Studio 2015\Projects\Supercluster\Supercluster Documentation\Help\Working\Output\Website\icons\privenumeration.gif
C:\Program Files (x86)\EWSoftware\Sandcastle Help File Builder\PresentationStyles\VS2013\icons\privevent.gif -&gt; C:\Users\Eric\Documents\Visual Studio 2015\Projects\Supercluster\Supercluster Documentation\Help\Working\Output\Website\icons\privevent.gif
C:\Program Files (x86)\EWSoftware\Sandcastle Help File Builder\PresentationStyles\VS2013\icons\privextension.gif -&gt; C:\Users\Eric\Documents\Visual Studio 2015\Projects\Supercluster\Supercluster Documentation\Help\Working\Output\Website\icons\privextension.gif
C:\Program Files (x86)\EWSoftware\Sandcastle Help File Builder\PresentationStyles\VS2013\icons\privfield.gif -&gt; C:\Users\Eric\Documents\Visual Studio 2015\Projects\Supercluster\Supercluster Documentation\Help\Working\Output\Website\icons\privfield.gif
C:\Program Files (x86)\EWSoftware\Sandcastle Help File Builder\PresentationStyles\VS2013\icons\privinterface.gif -&gt; C:\Users\Eric\Documents\Visual Studio 2015\Projects\Supercluster\Supercluster Documentation\Help\Working\Output\Website\icons\privinterface.gif
C:\Program Files (x86)\EWSoftware\Sandcastle Help File Builder\PresentationStyles\VS2013\icons\privmethod.gif -&gt; C:\Users\Eric\Documents\Visual Studio 2015\Projects\Supercluster\Supercluster Documentation\Help\Working\Output\Website\icons\privmethod.gif
C:\Program Files (x86)\EWSoftware\Sandcastle Help File Builder\PresentationStyles\VS2013\icons\privproperty.gif -&gt; C:\Users\Eric\Documents\Visual Studio 2015\Projects\Supercluster\Supercluster Documentation\Help\Working\Output\Website\icons\privproperty.gif
C:\Program Files (x86)\EWSoftware\Sandcastle Help File Builder\PresentationStyles\VS2013\icons\privstructure.gif -&gt; C:\Users\Eric\Documents\Visual Studio 2015\Projects\Supercluster\Supercluster Documentation\Help\Working\Output\Website\icons\privstructure.gif
C:\Program Files (x86)\EWSoftware\Sandcastle Help File Builder\PresentationStyles\VS2013\icons\protclass.gif -&gt; C:\Users\Eric\Documents\Visual Studio 2015\Projects\Supercluster\Supercluster Documentation\Help\Working\Output\Website\icons\protclass.gif
C:\Program Files (x86)\EWSoftware\Sandcastle Help File Builder\PresentationStyles\VS2013\icons\protdelegate.gif -&gt; C:\Users\Eric\Documents\Visual Studio 2015\Projects\Supercluster\Supercluster Documentation\Help\Working\Output\Website\icons\protdelegate.gif
C:\Program Files (x86)\EWSoftware\Sandcastle Help File Builder\PresentationStyles\VS2013\icons\protenumeration.gif -&gt; C:\Users\Eric\Documents\Visual Studio 2015\Projects\Supercluster\Supercluster Documentation\Help\Working\Output\Website\icons\protenumeration.gif
C:\Program Files (x86)\EWSoftware\Sandcastle Help File Builder\PresentationStyles\VS2013\icons\protevent.gif -&gt; C:\Users\Eric\Documents\Visual Studio 2015\Projects\Supercluster\Supercluster Documentation\Help\Working\Output\Website\icons\protevent.gif
C:\Program Files (x86)\EWSoftware\Sandcastle Help File Builder\PresentationStyles\VS2013\icons\protextension.gif -&gt; C:\Users\Eric\Documents\Visual Studio 2015\Projects\Supercluster\Supercluster Documentation\Help\Working\Output\Website\icons\protextension.gif
C:\Program Files (x86)\EWSoftware\Sandcastle Help File Builder\PresentationStyles\VS2013\icons\protfield.gif -&gt; C:\Users\Eric\Documents\Visual Studio 2015\Projects\Supercluster\Supercluster Documentation\Help\Working\Output\Website\icons\protfield.gif
C:\Program Files (x86)\EWSoftware\Sandcastle Help File Builder\PresentationStyles\VS2013\icons\protinterface.gif -&gt; C:\Users\Eric\Documents\Visual Studio 2015\Projects\Supercluster\Supercluster Documentation\Help\Working\Output\Website\icons\protinterface.gif
C:\Program Files (x86)\EWSoftware\Sandcastle Help File Builder\PresentationStyles\VS2013\icons\protmethod.gif -&gt; C:\Users\Eric\Documents\Visual Studio 2015\Projects\Supercluster\Supercluster Documentation\Help\Working\Output\Website\icons\protmethod.gif
C:\Program Files (x86)\EWSoftware\Sandcastle Help File Builder\PresentationStyles\VS2013\icons\protoperator.gif -&gt; C:\Users\Eric\Documents\Visual Studio 2015\Projects\Supercluster\Supercluster Documentation\Help\Working\Output\Website\icons\protoperator.gif
C:\Program Files (x86)\EWSoftware\Sandcastle Help File Builder\PresentationStyles\VS2013\icons\protproperty.gif -&gt; C:\Users\Eric\Documents\Visual Studio 2015\Projects\Supercluster\Supercluster Documentation\Help\Working\Output\Website\icons\protproperty.gif
C:\Program Files (x86)\EWSoftware\Sandcastle Help File Builder\PresentationStyles\VS2013\icons\protstructure.gif -&gt; C:\Users\Eric\Documents\Visual Studio 2015\Projects\Supercluster\Supercluster Documentation\Help\Working\Output\Website\icons\protstructure.gif
C:\Program Files (x86)\EWSoftware\Sandcastle Help File Builder\PresentationStyles\VS2013\icons\pubclass.gif -&gt; C:\Users\Eric\Documents\Visual Studio 2015\Projects\Supercluster\Supercluster Documentation\Help\Working\Output\Website\icons\pubclass.gif
C:\Program Files (x86)\EWSoftware\Sandcastle Help File Builder\PresentationStyles\VS2013\icons\pubdelegate.gif -&gt; C:\Users\Eric\Documents\Visual Studio 2015\Projects\Supercluster\Supercluster Documentation\Help\Working\Output\Website\icons\pubdelegate.gif
C:\Program Files (x86)\EWSoftware\Sandcastle Help File Builder\PresentationStyles\VS2013\icons\pubenumeration.gif -&gt; C:\Users\Eric\Documents\Visual Studio 2015\Projects\Supercluster\Supercluster Documentation\Help\Working\Output\Website\icons\pubenumeration.gif
C:\Program Files (x86)\EWSoftware\Sandcastle Help File Builder\PresentationStyles\VS2013\icons\pubevent.gif -&gt; C:\Users\Eric\Documents\Visual Studio 2015\Projects\Supercluster\Supercluster Documentation\Help\Working\Output\Website\icons\pubevent.gif
C:\Program Files (x86)\EWSoftware\Sandcastle Help File Builder\PresentationStyles\VS2013\icons\pubextension.gif -&gt; C:\Users\Eric\Documents\Visual Studio 2015\Projects\Supercluster\Supercluster Documentation\Help\Working\Output\Website\icons\pubextension.gif
C:\Program Files (x86)\EWSoftware\Sandcastle Help File Builder\PresentationStyles\VS2013\icons\pubfield.gif -&gt; C:\Users\Eric\Documents\Visual Studio 2015\Projects\Supercluster\Supercluster Documentation\Help\Working\Output\Website\icons\pubfield.gif
C:\Program Files (x86)\EWSoftware\Sandcastle Help File Builder\PresentationStyles\VS2013\icons\pubinterface.gif -&gt; C:\Users\Eric\Documents\Visual Studio 2015\Projects\Supercluster\Supercluster Documentation\Help\Working\Output\Website\icons\pubinterface.gif
C:\Program Files (x86)\EWSoftware\Sandcastle Help File Builder\PresentationStyles\VS2013\icons\pubmethod.gif -&gt; C:\Users\Eric\Documents\Visual Studio 2015\Projects\Supercluster\Supercluster Documentation\Help\Working\Output\Website\icons\pubmethod.gif
C:\Program Files (x86)\EWSoftware\Sandcastle Help File Builder\PresentationStyles\VS2013\icons\puboperator.gif -&gt; C:\Users\Eric\Documents\Visual Studio 2015\Projects\Supercluster\Supercluster Documentation\Help\Working\Output\Website\icons\puboperator.gif
C:\Program Files (x86)\EWSoftware\Sandcastle Help File Builder\PresentationStyles\VS2013\icons\pubproperty.gif -&gt; C:\Users\Eric\Documents\Visual Studio 2015\Projects\Supercluster\Supercluster Documentation\Help\Working\Output\Website\icons\pubproperty.gif
C:\Program Files (x86)\EWSoftware\Sandcastle Help File Builder\PresentationStyles\VS2013\icons\pubstructure.gif -&gt; C:\Users\Eric\Documents\Visual Studio 2015\Projects\Supercluster\Supercluster Documentation\Help\Working\Output\Website\icons\pubstructure.gif
C:\Program Files (x86)\EWSoftware\Sandcastle Help File Builder\PresentationStyles\VS2013\icons\SectionCollapsed.png -&gt; C:\Users\Eric\Documents\Visual Studio 2015\Projects\Supercluster\Supercluster Documentation\Help\Working\Output\Website\icons\SectionCollapsed.png
C:\Program Files (x86)\EWSoftware\Sandcastle Help File Builder\PresentationStyles\VS2013\icons\SectionExpanded.png -&gt; C:\Users\Eric\Documents\Visual Studio 2015\Projects\Supercluster\Supercluster Documentation\Help\Working\Output\Website\icons\SectionExpanded.png
C:\Program Files (x86)\EWSoftware\Sandcastle Help File Builder\PresentationStyles\VS2013\icons\slMobile.gif -&gt; C:\Users\Eric\Documents\Visual Studio 2015\Projects\Supercluster\Supercluster Documentation\Help\Working\Output\Website\icons\slMobile.gif
C:\Program Files (x86)\EWSoftware\Sandcastle Help File Builder\PresentationStyles\VS2013\icons\static.gif -&gt; C:\Users\Eric\Documents\Visual Studio 2015\Projects\Supercluster\Supercluster Documentation\Help\Working\Output\Website\icons\static.gif
C:\Program Files (x86)\EWSoftware\Sandcastle Help File Builder\PresentationStyles\VS2013\icons\xna.gif -&gt; C:\Users\Eric\Documents\Visual Studio 2015\Projects\Supercluster\Supercluster Documentation\Help\Working\Output\Website\icons\xna.gif
C:\Program Files (x86)\EWSoftware\Sandcastle Help File Builder\PresentationStyles\VS2013\scripts\branding.js -&gt; C:\Users\Eric\Documents\Visual Studio 2015\Projects\Supercluster\Supercluster Documentation\Help\Working\Output\Website\scripts\branding.js
C:\Program Files (x86)\EWSoftware\Sandcastle Help File Builder\PresentationStyles\VS2013\styles\branding-cs-CZ.css -&gt; C:\Users\Eric\Documents\Visual Studio 2015\Projects\Supercluster\Supercluster Documentation\Help\Working\Output\Website\styles\branding-cs-CZ.css
C:\Program Files (x86)\EWSoftware\Sandcastle Help File Builder\PresentationStyles\VS2013\styles\branding-de-DE.css -&gt; C:\Users\Eric\Documents\Visual Studio 2015\Projects\Supercluster\Supercluster Documentation\Help\Working\Output\Website\styles\branding-de-DE.css
C:\Program Files (x86)\EWSoftware\Sandcastle Help File Builder\PresentationStyles\VS2013\styles\branding-en-US.css -&gt; C:\Users\Eric\Documents\Visual Studio 2015\Projects\Supercluster\Supercluster Documentation\Help\Working\Output\Website\styles\branding-en-US.css
C:\Program Files (x86)\EWSoftware\Sandcastle Help File Builder\PresentationStyles\VS2013\styles\branding-es-ES.css -&gt; C:\Users\Eric\Documents\Visual Studio 2015\Projects\Supercluster\Supercluster Documentation\Help\Working\Output\Website\styles\branding-es-ES.css
C:\Program Files (x86)\EWSoftware\Sandcastle Help File Builder\PresentationStyles\VS2013\styles\branding-fr-FR.css -&gt; C:\Users\Eric\Documents\Visual Studio 2015\Projects\Supercluster\Supercluster Documentation\Help\Working\Output\Website\styles\branding-fr-FR.css
C:\Program Files (x86)\EWSoftware\Sandcastle Help File Builder\PresentationStyles\VS2013\styles\branding-Help1.css -&gt; C:\Users\Eric\Documents\Visual Studio 2015\Projects\Supercluster\Supercluster Documentation\Help\Working\Output\Website\styles\branding-Help1.css
C:\Program Files (x86)\EWSoftware\Sandcastle Help File Builder\PresentationStyles\VS2013\styles\branding-HelpViewer.css -&gt; C:\Users\Eric\Documents\Visual Studio 2015\Projects\Supercluster\Supercluster Documentation\Help\Working\Output\Website\styles\branding-HelpViewer.css
C:\Program Files (x86)\EWSoftware\Sandcastle Help File Builder\PresentationStyles\VS2013\styles\branding-it-IT.css -&gt; C:\Users\Eric\Documents\Visual Studio 2015\Projects\Supercluster\Supercluster Documentation\Help\Working\Output\Website\styles\branding-it-IT.css
C:\Program Files (x86)\EWSoftware\Sandcastle Help File Builder\PresentationStyles\VS2013\styles\branding-ja-JP.css -&gt; C:\Users\Eric\Documents\Visual Studio 2015\Projects\Supercluster\Supercluster Documentation\Help\Working\Output\Website\styles\branding-ja-JP.css
C:\Program Files (x86)\EWSoftware\Sandcastle Help File Builder\PresentationStyles\VS2013\styles\branding-ko-KR.css -&gt; C:\Users\Eric\Documents\Visual Studio 2015\Projects\Supercluster\Supercluster Documentation\Help\Working\Output\Website\styles\branding-ko-KR.css
C:\Program Files (x86)\EWSoftware\Sandcastle Help File Builder\PresentationStyles\VS2013\styles\branding-pl-PL.css -&gt; C:\Users\Eric\Documents\Visual Studio 2015\Projects\Supercluster\Supercluster Documentation\Help\Working\Output\Website\styles\branding-pl-PL.css
C:\Program Files (x86)\EWSoftware\Sandcastle Help File Builder\PresentationStyles\VS2013\styles\branding-pt-BR.css -&gt; C:\Users\Eric\Documents\Visual Studio 2015\Projects\Supercluster\Supercluster Documentation\Help\Working\Output\Website\styles\branding-pt-BR.css
C:\Program Files (x86)\EWSoftware\Sandcastle Help File Builder\PresentationStyles\VS2013\styles\branding-ru-RU.css -&gt; C:\Users\Eric\Documents\Visual Studio 2015\Projects\Supercluster\Supercluster Documentation\Help\Working\Output\Website\styles\branding-ru-RU.css
C:\Program Files (x86)\EWSoftware\Sandcastle Help File Builder\PresentationStyles\VS2013\styles\branding-tr-TR.css -&gt; C:\Users\Eric\Documents\Visual Studio 2015\Projects\Supercluster\Supercluster Documentation\Help\Working\Output\Website\styles\branding-tr-TR.css
C:\Program Files (x86)\EWSoftware\Sandcastle Help File Builder\PresentationStyles\VS2013\styles\branding-Website.css -&gt; C:\Users\Eric\Documents\Visual Studio 2015\Projects\Supercluster\Supercluster Documentation\Help\Working\Output\Website\styles\branding-Website.css
C:\Program Files (x86)\EWSoftware\Sandcastle Help File Builder\PresentationStyles\VS2013\styles\branding-zh-CN.css -&gt; C:\Users\Eric\Documents\Visual Studio 2015\Projects\Supercluster\Supercluster Documentation\Help\Working\Output\Website\styles\branding-zh-CN.css
C:\Program Files (x86)\EWSoftware\Sandcastle Help File Builder\PresentationStyles\VS2013\styles\branding-zh-TW.css -&gt; C:\Users\Eric\Documents\Visual Studio 2015\Projects\Supercluster\Supercluster Documentation\Help\Working\Output\Website\styles\branding-zh-TW.css
C:\Program Files (x86)\EWSoftware\Sandcastle Help File Builder\PresentationStyles\VS2013\styles\branding.css -&gt; C:\Users\Eric\Documents\Visual Studio 2015\Projects\Supercluster\Supercluster Documentation\Help\Working\Output\Website\styles\branding.css
C:\Program Files (x86)\EWSoftware\Sandcastle Help File Builder\PresentationStyles\VS2013\Web\index.html -&gt; C:\Users\Eric\Documents\Visual Studio 2015\Projects\Supercluster\Supercluster Documentation\Help\Working\Output\Website\index.html
C:\Program Files (x86)\EWSoftware\Sandcastle Help File Builder\PresentationStyles\VS2013\Web\search.html -&gt; C:\Users\Eric\Documents\Visual Studio 2015\Projects\Supercluster\Supercluster Documentation\Help\Working\Output\Website\search.html
C:\Program Files (x86)\EWSoftware\Sandcastle Help File Builder\PresentationStyles\VS2013\Web\SearchHelp.aspx -&gt; C:\Users\Eric\Documents\Visual Studio 2015\Projects\Supercluster\Supercluster Documentation\Help\Working\Output\Website\SearchHelp.aspx
C:\Program Files (x86)\EWSoftware\Sandcastle Help File Builder\PresentationStyles\VS2013\Web\SearchHelp.inc.php -&gt; C:\Users\Eric\Documents\Visual Studio 2015\Projects\Supercluster\Supercluster Documentation\Help\Working\Output\Website\SearchHelp.inc.php
C:\Program Files (x86)\EWSoftware\Sandcastle Help File Builder\PresentationStyles\VS2013\Web\SearchHelp.php -&gt; C:\Users\Eric\Documents\Visual Studio 2015\Projects\Supercluster\Supercluster Documentation\Help\Working\Output\Website\SearchHelp.php
C:\Program Files (x86)\EWSoftware\Sandcastle Help File Builder\PresentationStyles\VS2013\Web\Web.Config -&gt; C:\Users\Eric\Documents\Visual Studio 2015\Projects\Supercluster\Supercluster Documentation\Help\Working\Output\Website\Web.Config
C:\Program Files (x86)\EWSoftware\Sandcastle Help File Builder\PresentationStyles\VS2013\Web\icons\Search.png -&gt; C:\Users\Eric\Documents\Visual Studio 2015\Projects\Supercluster\Supercluster Documentation\Help\Working\Output\Website\icons\Search.png
C:\Program Files (x86)\EWSoftware\Sandcastle Help File Builder\PresentationStyles\VS2013\Web\icons\TocClose.gif -&gt; C:\Users\Eric\Documents\Visual Studio 2015\Projects\Supercluster\Supercluster Documentation\Help\Working\Output\Website\icons\TocClose.gif
C:\Program Files (x86)\EWSoftware\Sandcastle Help File Builder\PresentationStyles\VS2013\Web\icons\TocCollapsed.gif -&gt; C:\Users\Eric\Documents\Visual Studio 2015\Projects\Supercluster\Supercluster Documentation\Help\Working\Output\Website\icons\TocCollapsed.gif
C:\Program Files (x86)\EWSoftware\Sandcastle Help File Builder\PresentationStyles\VS2013\Web\icons\TocExpanded.gif -&gt; C:\Users\Eric\Documents\Visual Studio 2015\Projects\Supercluster\Supercluster Documentation\Help\Working\Output\Website\icons\TocExpanded.gif
C:\Program Files (x86)\EWSoftware\Sandcastle Help File Builder\PresentationStyles\VS2013\Web\icons\TocOpen.gif -&gt; C:\Users\Eric\Documents\Visual Studio 2015\Projects\Supercluster\Supercluster Documentation\Help\Working\Output\Website\icons\TocOpen.gif
C:\Program Files (x86)\EWSoftware\Sandcastle Help File Builder\PresentationStyles\VS2013\Web\scripts\branding-Website.js -&gt; C:\Users\Eric\Documents\Visual Studio 2015\Projects\Supercluster\Supercluster Documentation\Help\Working\Output\Website\scripts\branding-Website.js
C:\Program Files (x86)\EWSoftware\Sandcastle Help File Builder\PresentationStyles\VS2013\Web\scripts\jquery-1.11.0.min.js -&gt; C:\Users\Eric\Documents\Visual Studio 2015\Projects\Supercluster\Supercluster Documentation\Help\Working\Output\Website\scripts\jquery-1.11.0.min.js
    Last step completed in 00:00:00.3947
</buildStep>
<buildStep step="GenerateHelpFormatTableOfContents">
Generating website table of contents file...
    Last step completed in 00:00:00.0000
</buildStep>
<buildStep step="GenerateFullTextIndex">
Generating full-text index for the website...

<plugIn name="Lightweight Website Style" behavior="After" priority="1000">
Adding lightweight search and TOC elements to each topic...
</plugIn>    Last step completed in 00:00:01.4661
</buildStep>
<buildStep step="CopyingWebsiteFiles">
Copying website files to output folder...

Copied 273 files for the website content
    Last step completed in 00:00:00.2421
</buildStep>
<buildStep step="CleanIntermediates">
Removing intermediate files...
    Last step completed in 00:00:00.1061
</buildStep>
<buildStep step="Completed">

Build completed successfully at 3/6/2016 12:50:06 AM.  Total time: 00:00:14.6447

</buildStep>
</shfbBuild>
